<?xml version="1.0" encoding="UTF-8"?>
<testng-results skipped="0" failed="0" ignored="0" total="3" passed="3">
  <reporter-output>
  </reporter-output>
  <suite name="Default suite" duration-ms="10197" started-at="2018-06-27T09:51:37Z" finished-at="2018-06-27T09:51:47Z">
    <groups>
    </groups>
    <test name="Default test" duration-ms="10197" started-at="2018-06-27T09:51:37Z" finished-at="2018-06-27T09:51:47Z">
      <class name="bing.verify">
        <test-method status="PASS" signature="init()[pri:0, instance:bing.verify@25af5db5]" name="init" is-config="true" duration-ms="7181" started-at="2018-06-27T09:51:37Z" finished-at="2018-06-27T09:51:44Z">
          <reporter-output>
          </reporter-output>
        </test-method> <!-- init -->
        <test-method status="PASS" signature="step01_LanguageSelectionTest()[pri:0, instance:bing.verify@25af5db5]" name="step01_LanguageSelectionTest" duration-ms="675" started-at="2018-06-27T09:51:44Z" finished-at="2018-06-27T09:51:45Z">
          <reporter-output>
          </reporter-output>
        </test-method> <!-- step01_LanguageSelectionTest -->
        <test-method status="PASS" signature="step02_LanguageTranslationTest()[pri:0, instance:bing.verify@25af5db5]" name="step02_LanguageTranslationTest" duration-ms="172" started-at="2018-06-27T09:51:45Z" finished-at="2018-06-27T09:51:45Z">
          <reporter-output>
          </reporter-output>
        </test-method> <!-- step02_LanguageTranslationTest -->
        <test-method status="PASS" signature="step03_LanguageSwappingTest()[pri:0, instance:bing.verify@25af5db5]" name="step03_LanguageSwappingTest" duration-ms="2148" started-at="2018-06-27T09:51:45Z" finished-at="2018-06-27T09:51:47Z">
          <reporter-output>
          </reporter-output>
        </test-method> <!-- step03_LanguageSwappingTest -->
      </class> <!-- bing.verify -->
    </test> <!-- Default test -->
  </suite> <!-- Default suite -->
</testng-results>
