<?xml version="1.0" encoding="UTF-8"?>
<!-- Generated by org.testng.reporters.JUnitXMLReporter -->
<testsuite hostname="LNDB00153" ignored="0" name="Default test" tests="3" failures="0" timestamp="27 Jun 2018 09:51:47 GMT" time="10.197" errors="0">
  <testcase name="step01_LanguageSelectionTest" time="0.675" classname="bing.verify"/>
  <testcase name="step02_LanguageTranslationTest" time="0.172" classname="bing.verify"/>
  <testcase name="step03_LanguageSwappingTest" time="2.148" classname="bing.verify"/>
</testsuite> <!-- Default test -->
